[2017-03-21T18:28:04+08:00:] 192.168.0.53 192.168.0.53 GET /Dragon/Login/login 
[log:]array (
  0 => '175',
  1 => 15,
  2 => 1,
)[log:]array (
  0 => '165',
  1 => 17,
  2 => 0,
)
                                
+++++++++++++++++++++++++++++++++++++++++++++++++++++++++++++++++++++++++
[log][2017-03-21T18:29:16+08:00:] 192.168.0.53 192.168.0.53 GET /Dragon/Login/login 
[log:]array (
  0 => '175',
  1 => 15,
  2 => 1,
)[log:]array (
  0 => '165',
  1 => 17,
  2 => 0,
)
                                
+++++++++++++++++++++++++++++++++++++++++++++++++++++++++++++++++++++++++
[log][2017-03-21T18:29:16+08:00:] 192.168.0.53 192.168.0.53 GET /Dragon/Login/login 
[log:]array (
  0 => '175',
  1 => 15,
  2 => 1,
)[log:]array (
  0 => '165',
  1 => 17,
  2 => 0,
)
                                
+++++++++++++++++++++++++++++++++++++++++++++++++++++++++++++++++++++++++
[log][2017-03-21T18:29:16+08:00:] 192.168.0.53 192.168.0.53 GET /Dragon/Login/login 
[log:]array (
  0 => '175',
  1 => 15,
  2 => 1,
)[log:]array (
  0 => '165',
  1 => 17,
  2 => 0,
)
                                
+++++++++++++++++++++++++++++++++++++++++++++++++++++++++++++++++++++++++
[log][2017-03-21T18:29:17+08:00:] 192.168.0.53 192.168.0.53 GET /Dragon/Login/login 
[log:]array (
  0 => '175',
  1 => 15,
  2 => 1,
)[log:]array (
  0 => '165',
  1 => 17,
  2 => 0,
)
                                
+++++++++++++++++++++++++++++++++++++++++++++++++++++++++++++++++++++++++
[log][2017-03-21T18:29:17+08:00:] 192.168.0.53 192.168.0.53 GET /Dragon/Login/login 
[log:]array (
  0 => '175',
  1 => 15,
  2 => 1,
)[log:]array (
  0 => '165',
  1 => 17,
  2 => 0,
)
                                
+++++++++++++++++++++++++++++++++++++++++++++++++++++++++++++++++++++++++
[RecordTime2017-03-21T18:32:44+08:00:] Server:192.168.0.53 Remote192.168.0.53 Method:GET URI:/Dragon/Login/login 
[log:]array (
  0 => '175',
  1 => 15,
  2 => 1,
)[log:]array (
  0 => '165',
  1 => 17,
  2 => 0,
)
                                
+++++++++++++++++++++++++++++++++++++++++++++++++++++++++++++++++++++++++
[RecordTime2017-03-21T18:32:44+08:00:] Server:192.168.0.53 Remote192.168.0.53 Method:GET URI:/Dragon/Login/login 
[log:]array (
  0 => '175',
  1 => 15,
  2 => 1,
)[log:]array (
  0 => '165',
  1 => 17,
  2 => 0,
)
                                
+++++++++++++++++++++++++++++++++++++++++++++++++++++++++++++++++++++++++
[RecordTime2017-03-21T18:32:44+08:00:] Server:192.168.0.53 Remote192.168.0.53 Method:GET URI:/Dragon/Login/login 
[log:]array (
  0 => '175',
  1 => 15,
  2 => 1,
)[log:]array (
  0 => '165',
  1 => 17,
  2 => 0,
)
                                
+++++++++++++++++++++++++++++++++++++++++++++++++++++++++++++++++++++++++
[RecordTime2017-03-21T18:32:45+08:00:] Server:192.168.0.53 Remote192.168.0.53 Method:GET URI:/Dragon/Login/login 
[log:]array (
  0 => '175',
  1 => 15,
  2 => 1,
)[log:]array (
  0 => '165',
  1 => 17,
  2 => 0,
)
                                
+++++++++++++++++++++++++++++++++++++++++++++++++++++++++++++++++++++++++
[RecordTime2017-03-21T18:32:45+08:00:] Server:192.168.0.53 Remote192.168.0.53 Method:GET URI:/Dragon/Login/login 
[log:]array (
  0 => '175',
  1 => 15,
  2 => 1,
)[log:]array (
  0 => '165',
  1 => 17,
  2 => 0,
)
                                
+++++++++++++++++++++++++++++++++++++++++++++++++++++++++++++++++++++++++
[RecordTime2017-03-21T18:32:45+08:00:] Server:192.168.0.53 Remote192.168.0.53 Method:GET URI:/Dragon/Login/login 
[log:]array (
  0 => '175',
  1 => 15,
  2 => 1,
)[log:]array (
  0 => '165',
  1 => 17,
  2 => 0,
)
                                
+++++++++++++++++++++++++++++++++++++++++++++++++++++++++++++++++++++++++
