[RecordTime2017-03-24T05:55:59+08:00:] Server:192.168.0.53 Remote:192.168.0.53 Method:GET URI:/Dragon/index.php 
[Runinfo:]www.dragon-god.com/Dragon/index.php[运行时间：0.027508s] [吞吐率：36.35req/s][内存消耗： 979.58kb][文件加载数：40]
[log:]array (
  0 => '175',
  1 => 15,
  2 => 1,
)[log:]array (
  0 => '165',
  1 => 17,
  2 => 0,
)
                                
+++++++++++++++++++++++++++++++++++++++++++++++++++++++++++++++++++++++++
[RecordTime2017-03-24T05:57:03+08:00:] Server:192.168.0.53 Remote:192.168.0.53 Method:GET URI:/Dragon/index.php 
[Runinfo:]www.dragon-god.com/Dragon/index.php[运行时间：0.012875s] [吞吐率：77.67req/s][内存消耗： 979.57kb][文件加载数：40]
[log:]array (
  0 => '175',
  1 => 15,
  2 => 1,
)[log:]array (
  0 => '165',
  1 => 17,
  2 => 0,
)
                                
+++++++++++++++++++++++++++++++++++++++++++++++++++++++++++++++++++++++++
[RecordTime2017-03-24T05:57:34+08:00:] Server:192.168.0.53 Remote:192.168.0.53 Method:GET URI:/Dragon/index.php 
[Runinfo:]www.dragon-god.com/Dragon/index.php[运行时间：0.010618s] [吞吐率：94.18req/s][内存消耗： 979.57kb][文件加载数：40]
[log:]array (
  0 => '175',
  1 => 15,
  2 => 1,
)[log:]array (
  0 => '165',
  1 => 17,
  2 => 0,
)
                                
+++++++++++++++++++++++++++++++++++++++++++++++++++++++++++++++++++++++++
[RecordTime2017-03-24T06:13:35+08:00:] Server:192.168.0.53 Remote:192.168.0.53 Method:GET URI:/Dragon/index.php 
[Runinfo:]www.dragon-god.com/Dragon/index.php[运行时间：0.038088s] [吞吐率：26.25req/s][内存消耗： 980.11kb][文件加载数：40]
[log:]array (
  0 => '175',
  1 => 15,
  2 => 1,
)[log:]array (
  0 => '165',
  1 => 17,
  2 => 0,
)
                                
+++++++++++++++++++++++++++++++++++++++++++++++++++++++++++++++++++++++++
[RecordTime2017-03-24T06:13:58+08:00:] Server:192.168.0.53 Remote:192.168.0.53 Method:GET URI:/Dragon/index.php 
[Runinfo:]www.dragon-god.com/Dragon/index.php[运行时间：0.030761s] [吞吐率：32.51req/s][内存消耗： 980.23kb][文件加载数：40]
[log:]array (
  0 => '175',
  1 => 15,
  2 => 1,
)[log:]array (
  0 => '165',
  1 => 17,
  2 => 0,
)
                                
+++++++++++++++++++++++++++++++++++++++++++++++++++++++++++++++++++++++++
[RecordTime2017-03-24T06:14:15+08:00:] Server:192.168.0.53 Remote:192.168.0.53 Method:GET URI:/Dragon/index.php 
[Runinfo:]www.dragon-god.com/Dragon/index.php[运行时间：0.045873s] [吞吐率：21.80req/s][内存消耗： 980.32kb][文件加载数：40]
[log:]array (
  0 => '175',
  1 => 15,
  2 => 1,
)[log:]array (
  0 => '165',
  1 => 17,
  2 => 0,
)
                                
+++++++++++++++++++++++++++++++++++++++++++++++++++++++++++++++++++++++++
[RecordTime2017-03-24T06:14:27+08:00:] Server:192.168.0.53 Remote:192.168.0.53 Method:GET URI:/Dragon/index.php 
[Runinfo:]www.dragon-god.com/Dragon/index.php[运行时间：0.036023s] [吞吐率：27.76req/s][内存消耗： 980.17kb][文件加载数：40]
[log:]array (
  0 => '175',
  1 => 15,
  2 => 1,
)[log:]array (
  0 => '165',
  1 => 17,
  2 => 0,
)
                                
+++++++++++++++++++++++++++++++++++++++++++++++++++++++++++++++++++++++++
[RecordTime2017-03-24T06:14:28+08:00:] Server:192.168.0.53 Remote:192.168.0.53 Method:GET URI:/Dragon/index.php 
[Runinfo:]www.dragon-god.com/Dragon/index.php[运行时间：0.012372s] [吞吐率：80.83req/s][内存消耗： 980.17kb][文件加载数：40]
[log:]array (
  0 => '175',
  1 => 15,
  2 => 1,
)[log:]array (
  0 => '165',
  1 => 17,
  2 => 0,
)
                                
+++++++++++++++++++++++++++++++++++++++++++++++++++++++++++++++++++++++++
[RecordTime2017-03-24T06:14:28+08:00:] Server:192.168.0.53 Remote:192.168.0.53 Method:GET URI:/Dragon/index.php 
[Runinfo:]www.dragon-god.com/Dragon/index.php[运行时间：0.010619s] [吞吐率：94.17req/s][内存消耗： 980.17kb][文件加载数：40]
[log:]array (
  0 => '175',
  1 => 15,
  2 => 1,
)[log:]array (
  0 => '165',
  1 => 17,
  2 => 0,
)
                                
+++++++++++++++++++++++++++++++++++++++++++++++++++++++++++++++++++++++++
[RecordTime2017-03-24T06:14:35+08:00:] Server:192.168.0.53 Remote:192.168.0.53 Method:GET URI:/Dragon/index.php 
[Runinfo:]www.dragon-god.com/Dragon/index.php[运行时间：0.020694s] [吞吐率：48.32req/s][内存消耗： 980.32kb][文件加载数：40]
[log:]array (
  0 => '175',
  1 => 15,
  2 => 1,
)[log:]array (
  0 => '165',
  1 => 17,
  2 => 0,
)
                                
+++++++++++++++++++++++++++++++++++++++++++++++++++++++++++++++++++++++++
[RecordTime2017-03-24T06:14:47+08:00:] Server:192.168.0.53 Remote:192.168.0.53 Method:GET URI:/Dragon/index.php 
[Runinfo:]www.dragon-god.com/Dragon/index.php[运行时间：0.007239s] [吞吐率：138.14req/s][内存消耗： 980.23kb][文件加载数：40]
[log:]array (
  0 => '175',
  1 => 15,
  2 => 1,
)[log:]array (
  0 => '165',
  1 => 17,
  2 => 0,
)
                                
+++++++++++++++++++++++++++++++++++++++++++++++++++++++++++++++++++++++++
[RecordTime2017-03-24T06:55:15+08:00:] Server:192.168.0.53 Remote:192.168.0.53 Method:GET URI:/Dragon/index.php 
[Runinfo:]www.dragon-god.com/Dragon/index.php[运行时间：0.008204s] [吞吐率：121.89req/s][内存消耗： 980.23kb][文件加载数：40]
[log:]array (
  0 => '175',
  1 => 15,
  2 => 1,
)[log:]array (
  0 => '165',
  1 => 17,
  2 => 0,
)
                                
+++++++++++++++++++++++++++++++++++++++++++++++++++++++++++++++++++++++++
[RecordTime2017-03-24T06:55:16+08:00:] Server:192.168.0.53 Remote:192.168.0.53 Method:GET URI:/Dragon/index.php 
[Runinfo:]www.dragon-god.com/Dragon/index.php[运行时间：0.007037s] [吞吐率：142.10req/s][内存消耗： 980.23kb][文件加载数：40]
[log:]array (
  0 => '175',
  1 => 15,
  2 => 1,
)[log:]array (
  0 => '165',
  1 => 17,
  2 => 0,
)
                                
+++++++++++++++++++++++++++++++++++++++++++++++++++++++++++++++++++++++++
[RecordTime2017-03-24T06:55:40+08:00:] Server:192.168.0.53 Remote:192.168.0.53 Method:GET URI:/Dragon/index.php 
[Runinfo:]www.dragon-god.com/Dragon/index.php[运行时间：0.007351s] [吞吐率：136.04req/s][内存消耗： 980.17kb][文件加载数：40]
[log:]array (
  0 => '175',
  1 => 15,
  2 => 1,
)[log:]array (
  0 => '165',
  1 => 17,
  2 => 0,
)
                                
+++++++++++++++++++++++++++++++++++++++++++++++++++++++++++++++++++++++++
[RecordTime2017-03-24T06:55:41+08:00:] Server:192.168.0.53 Remote:192.168.0.53 Method:GET URI:/Dragon/index.php 
[Runinfo:]www.dragon-god.com/Dragon/index.php[运行时间：0.007194s] [吞吐率：139.00req/s][内存消耗： 980.17kb][文件加载数：40]
[log:]array (
  0 => '175',
  1 => 15,
  2 => 1,
)[log:]array (
  0 => '165',
  1 => 17,
  2 => 0,
)
                                
+++++++++++++++++++++++++++++++++++++++++++++++++++++++++++++++++++++++++
[RecordTime2017-03-24T06:55:41+08:00:] Server:192.168.0.53 Remote:192.168.0.53 Method:GET URI:/Dragon/index.php 
[Runinfo:]www.dragon-god.com/Dragon/index.php[运行时间：0.008129s] [吞吐率：123.02req/s][内存消耗： 980.17kb][文件加载数：40]
[log:]array (
  0 => '175',
  1 => 15,
  2 => 1,
)[log:]array (
  0 => '165',
  1 => 17,
  2 => 0,
)
                                
+++++++++++++++++++++++++++++++++++++++++++++++++++++++++++++++++++++++++
[RecordTime2017-03-24T06:55:41+08:00:] Server:192.168.0.53 Remote:192.168.0.53 Method:GET URI:/Dragon/index.php 
[Runinfo:]www.dragon-god.com/Dragon/index.php[运行时间：0.007346s] [吞吐率：136.13req/s][内存消耗： 980.17kb][文件加载数：40]
[log:]array (
  0 => '175',
  1 => 15,
  2 => 1,
)[log:]array (
  0 => '165',
  1 => 17,
  2 => 0,
)
                                
+++++++++++++++++++++++++++++++++++++++++++++++++++++++++++++++++++++++++
[RecordTime2017-03-24T06:56:16+08:00:] Server:192.168.0.53 Remote:192.168.0.53 Method:GET URI:/Dragon/index.php 
[Runinfo:]www.dragon-god.com/Dragon/index.php[运行时间：0.006954s] [吞吐率：143.80req/s][内存消耗： 980.09kb][文件加载数：40]
[log:]array (
  0 => '175',
  1 => 15,
  2 => 1,
)[log:]array (
  0 => '165',
  1 => 17,
  2 => 0,
)
                                
+++++++++++++++++++++++++++++++++++++++++++++++++++++++++++++++++++++++++
[RecordTime2017-03-24T06:56:16+08:00:] Server:192.168.0.53 Remote:192.168.0.53 Method:GET URI:/Dragon/index.php 
[Runinfo:]www.dragon-god.com/Dragon/index.php[运行时间：0.007524s] [吞吐率：132.91req/s][内存消耗： 980.09kb][文件加载数：40]
[log:]array (
  0 => '175',
  1 => 15,
  2 => 1,
)[log:]array (
  0 => '165',
  1 => 17,
  2 => 0,
)
                                
+++++++++++++++++++++++++++++++++++++++++++++++++++++++++++++++++++++++++
[RecordTime2017-03-24T06:57:44+08:00:] Server:192.168.0.53 Remote:192.168.0.53 Method:GET URI:/Dragon/index.php 
[Runinfo:]www.dragon-god.com/Dragon/index.php[运行时间：0.007196s] [吞吐率：138.97req/s][内存消耗： 980.23kb][文件加载数：40]
[log:]array (
  0 => '175',
  1 => 15,
  2 => 1,
)[log:]array (
  0 => '165',
  1 => 17,
  2 => 0,
)
                                
+++++++++++++++++++++++++++++++++++++++++++++++++++++++++++++++++++++++++
[RecordTime2017-03-24T06:57:47+08:00:] Server:192.168.0.53 Remote:192.168.0.53 Method:GET URI:/Dragon/index.php 
[Runinfo:]www.dragon-god.com/Dragon/index.php[运行时间：0.007530s] [吞吐率：132.80req/s][内存消耗： 980.23kb][文件加载数：40]
[log:]array (
  0 => '175',
  1 => 15,
  2 => 1,
)[log:]array (
  0 => '165',
  1 => 17,
  2 => 0,
)
                                
+++++++++++++++++++++++++++++++++++++++++++++++++++++++++++++++++++++++++
[RecordTime2017-03-24T06:57:47+08:00:] Server:192.168.0.53 Remote:192.168.0.53 Method:GET URI:/Dragon/index.php 
[Runinfo:]www.dragon-god.com/Dragon/index.php[运行时间：0.007730s] [吞吐率：129.37req/s][内存消耗： 980.23kb][文件加载数：40]
[log:]array (
  0 => '175',
  1 => 15,
  2 => 1,
)[log:]array (
  0 => '165',
  1 => 17,
  2 => 0,
)
                                
+++++++++++++++++++++++++++++++++++++++++++++++++++++++++++++++++++++++++
[RecordTime2017-03-24T06:57:48+08:00:] Server:192.168.0.53 Remote:192.168.0.53 Method:GET URI:/Dragon/index.php 
[Runinfo:]www.dragon-god.com/Dragon/index.php[运行时间：0.007117s] [吞吐率：140.51req/s][内存消耗： 980.23kb][文件加载数：40]
[log:]array (
  0 => '175',
  1 => 15,
  2 => 1,
)[log:]array (
  0 => '165',
  1 => 17,
  2 => 0,
)
                                
+++++++++++++++++++++++++++++++++++++++++++++++++++++++++++++++++++++++++
[RecordTime2017-03-24T06:57:48+08:00:] Server:192.168.0.53 Remote:192.168.0.53 Method:GET URI:/Dragon/index.php 
[Runinfo:]www.dragon-god.com/Dragon/index.php[运行时间：0.007996s] [吞吐率：125.06req/s][内存消耗： 980.23kb][文件加载数：40]
[log:]array (
  0 => '175',
  1 => 15,
  2 => 1,
)[log:]array (
  0 => '165',
  1 => 17,
  2 => 0,
)
                                
+++++++++++++++++++++++++++++++++++++++++++++++++++++++++++++++++++++++++
[RecordTime2017-03-24T06:57:48+08:00:] Server:192.168.0.53 Remote:192.168.0.53 Method:GET URI:/Dragon/index.php 
[Runinfo:]www.dragon-god.com/Dragon/index.php[运行时间：0.007269s] [吞吐率：137.57req/s][内存消耗： 980.23kb][文件加载数：40]
[log:]array (
  0 => '175',
  1 => 15,
  2 => 1,
)[log:]array (
  0 => '165',
  1 => 17,
  2 => 0,
)
                                
+++++++++++++++++++++++++++++++++++++++++++++++++++++++++++++++++++++++++
[RecordTime2017-03-24T06:57:48+08:00:] Server:192.168.0.53 Remote:192.168.0.53 Method:GET URI:/Dragon/index.php 
[Runinfo:]www.dragon-god.com/Dragon/index.php[运行时间：0.009296s] [吞吐率：107.57req/s][内存消耗： 980.23kb][文件加载数：40]
[log:]array (
  0 => '175',
  1 => 15,
  2 => 1,
)[log:]array (
  0 => '165',
  1 => 17,
  2 => 0,
)
                                
+++++++++++++++++++++++++++++++++++++++++++++++++++++++++++++++++++++++++
[RecordTime2017-03-24T06:57:48+08:00:] Server:192.168.0.53 Remote:192.168.0.53 Method:GET URI:/Dragon/index.php 
[Runinfo:]www.dragon-god.com/Dragon/index.php[运行时间：0.008114s] [吞吐率：123.24req/s][内存消耗： 980.23kb][文件加载数：40]
[log:]array (
  0 => '175',
  1 => 15,
  2 => 1,
)[log:]array (
  0 => '165',
  1 => 17,
  2 => 0,
)
                                
+++++++++++++++++++++++++++++++++++++++++++++++++++++++++++++++++++++++++
[RecordTime2017-03-24T06:57:49+08:00:] Server:192.168.0.53 Remote:192.168.0.53 Method:GET URI:/Dragon/index.php 
[Runinfo:]www.dragon-god.com/Dragon/index.php[运行时间：0.007334s] [吞吐率：136.35req/s][内存消耗： 980.23kb][文件加载数：40]
[log:]array (
  0 => '175',
  1 => 15,
  2 => 1,
)[log:]array (
  0 => '165',
  1 => 17,
  2 => 0,
)
                                
+++++++++++++++++++++++++++++++++++++++++++++++++++++++++++++++++++++++++
[RecordTime2017-03-24T06:57:49+08:00:] Server:192.168.0.53 Remote:192.168.0.53 Method:GET URI:/Dragon/index.php 
[Runinfo:]www.dragon-god.com/Dragon/index.php[运行时间：0.008145s] [吞吐率：122.78req/s][内存消耗： 980.23kb][文件加载数：40]
[log:]array (
  0 => '175',
  1 => 15,
  2 => 1,
)[log:]array (
  0 => '165',
  1 => 17,
  2 => 0,
)
                                
+++++++++++++++++++++++++++++++++++++++++++++++++++++++++++++++++++++++++
[RecordTime2017-03-24T06:58:02+08:00:] Server:192.168.0.53 Remote:192.168.0.53 Method:GET URI:/Dragon/index.php 
[Runinfo:]www.dragon-god.com/Dragon/index.php[运行时间：0.007288s] [吞吐率：137.21req/s][内存消耗： 980.23kb][文件加载数：40]
[log:]array (
  0 => '175',
  1 => 15,
  2 => 1,
)[log:]array (
  0 => '165',
  1 => 17,
  2 => 0,
)
                                
+++++++++++++++++++++++++++++++++++++++++++++++++++++++++++++++++++++++++
[RecordTime2017-03-24T06:58:02+08:00:] Server:192.168.0.53 Remote:192.168.0.53 Method:GET URI:/Dragon/index.php 
[Runinfo:]www.dragon-god.com/Dragon/index.php[运行时间：0.007072s] [吞吐率：141.40req/s][内存消耗： 980.23kb][文件加载数：40]
[log:]array (
  0 => '175',
  1 => 15,
  2 => 1,
)[log:]array (
  0 => '165',
  1 => 17,
  2 => 0,
)
                                
+++++++++++++++++++++++++++++++++++++++++++++++++++++++++++++++++++++++++
[RecordTime2017-03-24T06:58:02+08:00:] Server:192.168.0.53 Remote:192.168.0.53 Method:GET URI:/Dragon/index.php 
[Runinfo:]www.dragon-god.com/Dragon/index.php[运行时间：0.008526s] [吞吐率：117.29req/s][内存消耗： 980.23kb][文件加载数：40]
[log:]array (
  0 => '175',
  1 => 15,
  2 => 1,
)[log:]array (
  0 => '165',
  1 => 17,
  2 => 0,
)
                                
+++++++++++++++++++++++++++++++++++++++++++++++++++++++++++++++++++++++++
[RecordTime2017-03-24T06:58:03+08:00:] Server:192.168.0.53 Remote:192.168.0.53 Method:GET URI:/Dragon/index.php 
[Runinfo:]www.dragon-god.com/Dragon/index.php[运行时间：0.007320s] [吞吐率：136.61req/s][内存消耗： 980.23kb][文件加载数：40]
[log:]array (
  0 => '175',
  1 => 15,
  2 => 1,
)[log:]array (
  0 => '165',
  1 => 17,
  2 => 0,
)
                                
+++++++++++++++++++++++++++++++++++++++++++++++++++++++++++++++++++++++++
[RecordTime2017-03-24T06:58:03+08:00:] Server:192.168.0.53 Remote:192.168.0.53 Method:GET URI:/Dragon/index.php 
[Runinfo:]www.dragon-god.com/Dragon/index.php[运行时间：0.008133s] [吞吐率：122.96req/s][内存消耗： 980.23kb][文件加载数：40]
[log:]array (
  0 => '175',
  1 => 15,
  2 => 1,
)[log:]array (
  0 => '165',
  1 => 17,
  2 => 0,
)
                                
+++++++++++++++++++++++++++++++++++++++++++++++++++++++++++++++++++++++++
[RecordTime2017-03-24T06:58:05+08:00:] Server:192.168.0.53 Remote:192.168.0.53 Method:GET URI:/Dragon/index.php 
[Runinfo:]www.dragon-god.com/Dragon/index.php[运行时间：0.007565s] [吞吐率：132.19req/s][内存消耗： 980.23kb][文件加载数：40]
[log:]array (
  0 => '175',
  1 => 15,
  2 => 1,
)[log:]array (
  0 => '165',
  1 => 17,
  2 => 0,
)
                                
+++++++++++++++++++++++++++++++++++++++++++++++++++++++++++++++++++++++++
[RecordTime2017-03-24T06:58:11+08:00:] Server:192.168.0.53 Remote:192.168.0.53 Method:GET URI:/Dragon/index.php 
[Runinfo:]www.dragon-god.com/Dragon/index.php[运行时间：0.008322s] [吞吐率：120.16req/s][内存消耗： 980.23kb][文件加载数：40]
[log:]array (
  0 => '175',
  1 => 15,
  2 => 1,
)[log:]array (
  0 => '165',
  1 => 17,
  2 => 0,
)
                                
+++++++++++++++++++++++++++++++++++++++++++++++++++++++++++++++++++++++++
[RecordTime2017-03-24T06:58:11+08:00:] Server:192.168.0.53 Remote:192.168.0.53 Method:GET URI:/Dragon/index.php 
[Runinfo:]www.dragon-god.com/Dragon/index.php[运行时间：0.007736s] [吞吐率：129.27req/s][内存消耗： 980.23kb][文件加载数：40]
[log:]array (
  0 => '175',
  1 => 15,
  2 => 1,
)[log:]array (
  0 => '165',
  1 => 17,
  2 => 0,
)
                                
+++++++++++++++++++++++++++++++++++++++++++++++++++++++++++++++++++++++++
[RecordTime2017-03-24T06:58:12+08:00:] Server:192.168.0.53 Remote:192.168.0.53 Method:GET URI:/Dragon/index.php 
[Runinfo:]www.dragon-god.com/Dragon/index.php[运行时间：0.008414s] [吞吐率：118.85req/s][内存消耗： 980.23kb][文件加载数：40]
[log:]array (
  0 => '175',
  1 => 15,
  2 => 1,
)[log:]array (
  0 => '165',
  1 => 17,
  2 => 0,
)
                                
+++++++++++++++++++++++++++++++++++++++++++++++++++++++++++++++++++++++++
[RecordTime2017-03-24T06:58:12+08:00:] Server:192.168.0.53 Remote:192.168.0.53 Method:GET URI:/Dragon/index.php 
[Runinfo:]www.dragon-god.com/Dragon/index.php[运行时间：0.007160s] [吞吐率：139.67req/s][内存消耗： 980.23kb][文件加载数：40]
[log:]array (
  0 => '175',
  1 => 15,
  2 => 1,
)[log:]array (
  0 => '165',
  1 => 17,
  2 => 0,
)
                                
+++++++++++++++++++++++++++++++++++++++++++++++++++++++++++++++++++++++++
[RecordTime2017-03-24T06:58:12+08:00:] Server:192.168.0.53 Remote:192.168.0.53 Method:GET URI:/Dragon/index.php 
[Runinfo:]www.dragon-god.com/Dragon/index.php[运行时间：0.009113s] [吞吐率：109.73req/s][内存消耗： 980.23kb][文件加载数：40]
[log:]array (
  0 => '175',
  1 => 15,
  2 => 1,
)[log:]array (
  0 => '165',
  1 => 17,
  2 => 0,
)
                                
+++++++++++++++++++++++++++++++++++++++++++++++++++++++++++++++++++++++++
[RecordTime2017-03-24T06:58:12+08:00:] Server:192.168.0.53 Remote:192.168.0.53 Method:GET URI:/Dragon/index.php 
[Runinfo:]www.dragon-god.com/Dragon/index.php[运行时间：0.007072s] [吞吐率：141.40req/s][内存消耗： 980.23kb][文件加载数：40]
[log:]array (
  0 => '175',
  1 => 15,
  2 => 1,
)[log:]array (
  0 => '165',
  1 => 17,
  2 => 0,
)
                                
+++++++++++++++++++++++++++++++++++++++++++++++++++++++++++++++++++++++++
[RecordTime2017-03-24T06:58:41+08:00:] Server:192.168.0.53 Remote:192.168.0.53 Method:GET URI:/Dragon/index.php 
[Runinfo:]www.dragon-god.com/Dragon/index.php[运行时间：0.007243s] [吞吐率：138.06req/s][内存消耗： 980.23kb][文件加载数：40]
[log:]array (
  0 => '175',
  1 => 15,
  2 => 1,
)[log:]array (
  0 => '165',
  1 => 17,
  2 => 0,
)
                                
+++++++++++++++++++++++++++++++++++++++++++++++++++++++++++++++++++++++++
[RecordTime2017-03-24T06:58:41+08:00:] Server:192.168.0.53 Remote:192.168.0.53 Method:GET URI:/Dragon/index.php 
[Runinfo:]www.dragon-god.com/Dragon/index.php[运行时间：0.007744s] [吞吐率：129.13req/s][内存消耗： 980.23kb][文件加载数：40]
[log:]array (
  0 => '175',
  1 => 15,
  2 => 1,
)[log:]array (
  0 => '165',
  1 => 17,
  2 => 0,
)
                                
+++++++++++++++++++++++++++++++++++++++++++++++++++++++++++++++++++++++++
[RecordTime2017-03-24T06:58:42+08:00:] Server:192.168.0.53 Remote:192.168.0.53 Method:GET URI:/Dragon/index.php 
[Runinfo:]www.dragon-god.com/Dragon/index.php[运行时间：0.007196s] [吞吐率：138.97req/s][内存消耗： 980.23kb][文件加载数：40]
[log:]array (
  0 => '175',
  1 => 15,
  2 => 1,
)[log:]array (
  0 => '165',
  1 => 17,
  2 => 0,
)
                                
+++++++++++++++++++++++++++++++++++++++++++++++++++++++++++++++++++++++++
[RecordTime2017-03-24T06:58:42+08:00:] Server:192.168.0.53 Remote:192.168.0.53 Method:GET URI:/Dragon/index.php 
[Runinfo:]www.dragon-god.com/Dragon/index.php[运行时间：0.007106s] [吞吐率：140.73req/s][内存消耗： 980.23kb][文件加载数：40]
[log:]array (
  0 => '175',
  1 => 15,
  2 => 1,
)[log:]array (
  0 => '165',
  1 => 17,
  2 => 0,
)
                                
+++++++++++++++++++++++++++++++++++++++++++++++++++++++++++++++++++++++++
[RecordTime2017-03-24T06:58:42+08:00:] Server:192.168.0.53 Remote:192.168.0.53 Method:GET URI:/Dragon/index.php 
[Runinfo:]www.dragon-god.com/Dragon/index.php[运行时间：0.007381s] [吞吐率：135.48req/s][内存消耗： 980.23kb][文件加载数：40]
[log:]array (
  0 => '175',
  1 => 15,
  2 => 1,
)[log:]array (
  0 => '165',
  1 => 17,
  2 => 0,
)
                                
+++++++++++++++++++++++++++++++++++++++++++++++++++++++++++++++++++++++++
[RecordTime2017-03-24T06:58:42+08:00:] Server:192.168.0.53 Remote:192.168.0.53 Method:GET URI:/Dragon/index.php 
[Runinfo:]www.dragon-god.com/Dragon/index.php[运行时间：0.007220s] [吞吐率：138.50req/s][内存消耗： 980.23kb][文件加载数：40]
[log:]array (
  0 => '175',
  1 => 15,
  2 => 1,
)[log:]array (
  0 => '165',
  1 => 17,
  2 => 0,
)
                                
+++++++++++++++++++++++++++++++++++++++++++++++++++++++++++++++++++++++++
[RecordTime2017-03-24T06:58:42+08:00:] Server:192.168.0.53 Remote:192.168.0.53 Method:GET URI:/Dragon/index.php 
[Runinfo:]www.dragon-god.com/Dragon/index.php[运行时间：0.008560s] [吞吐率：116.82req/s][内存消耗： 980.23kb][文件加载数：40]
[log:]array (
  0 => '175',
  1 => 15,
  2 => 1,
)[log:]array (
  0 => '165',
  1 => 17,
  2 => 0,
)
                                
+++++++++++++++++++++++++++++++++++++++++++++++++++++++++++++++++++++++++
[RecordTime2017-03-24T06:58:42+08:00:] Server:192.168.0.53 Remote:192.168.0.53 Method:GET URI:/Dragon/index.php 
[Runinfo:]www.dragon-god.com/Dragon/index.php[运行时间：0.007855s] [吞吐率：127.30req/s][内存消耗： 980.23kb][文件加载数：40]
[log:]array (
  0 => '175',
  1 => 15,
  2 => 1,
)[log:]array (
  0 => '165',
  1 => 17,
  2 => 0,
)
                                
+++++++++++++++++++++++++++++++++++++++++++++++++++++++++++++++++++++++++
[RecordTime2017-03-24T06:58:43+08:00:] Server:192.168.0.53 Remote:192.168.0.53 Method:GET URI:/Dragon/index.php 
[Runinfo:]www.dragon-god.com/Dragon/index.php[运行时间：0.007309s] [吞吐率：136.82req/s][内存消耗： 980.23kb][文件加载数：40]
[log:]array (
  0 => '175',
  1 => 15,
  2 => 1,
)[log:]array (
  0 => '165',
  1 => 17,
  2 => 0,
)
                                
+++++++++++++++++++++++++++++++++++++++++++++++++++++++++++++++++++++++++
[RecordTime2017-03-24T06:59:04+08:00:] Server:192.168.0.53 Remote:192.168.0.53 Method:GET URI:/Dragon/index.php 
[Runinfo:]www.dragon-god.com/Dragon/index.php[运行时间：0.008321s] [吞吐率：120.18req/s][内存消耗： 980.23kb][文件加载数：40]
[log:]array (
  0 => '175',
  1 => 15,
  2 => 1,
)[log:]array (
  0 => '165',
  1 => 17,
  2 => 0,
)
                                
+++++++++++++++++++++++++++++++++++++++++++++++++++++++++++++++++++++++++
[RecordTime2017-03-24T06:59:05+08:00:] Server:192.168.0.53 Remote:192.168.0.53 Method:GET URI:/Dragon/index.php 
[Runinfo:]www.dragon-god.com/Dragon/index.php[运行时间：0.007702s] [吞吐率：129.83req/s][内存消耗： 980.23kb][文件加载数：40]
[log:]array (
  0 => '175',
  1 => 15,
  2 => 1,
)[log:]array (
  0 => '165',
  1 => 17,
  2 => 0,
)
                                
+++++++++++++++++++++++++++++++++++++++++++++++++++++++++++++++++++++++++
[RecordTime2017-03-24T06:59:05+08:00:] Server:192.168.0.53 Remote:192.168.0.53 Method:GET URI:/Dragon/index.php 
[Runinfo:]www.dragon-god.com/Dragon/index.php[运行时间：0.007329s] [吞吐率：136.44req/s][内存消耗： 980.23kb][文件加载数：40]
[log:]array (
  0 => '175',
  1 => 15,
  2 => 1,
)[log:]array (
  0 => '165',
  1 => 17,
  2 => 0,
)
                                
+++++++++++++++++++++++++++++++++++++++++++++++++++++++++++++++++++++++++
[RecordTime2017-03-24T06:59:05+08:00:] Server:192.168.0.53 Remote:192.168.0.53 Method:GET URI:/Dragon/index.php 
[Runinfo:]www.dragon-god.com/Dragon/index.php[运行时间：0.007608s] [吞吐率：131.44req/s][内存消耗： 980.23kb][文件加载数：40]
[log:]array (
  0 => '175',
  1 => 15,
  2 => 1,
)[log:]array (
  0 => '165',
  1 => 17,
  2 => 0,
)
                                
+++++++++++++++++++++++++++++++++++++++++++++++++++++++++++++++++++++++++
[RecordTime2017-03-24T06:59:06+08:00:] Server:192.168.0.53 Remote:192.168.0.53 Method:GET URI:/Dragon/index.php 
[Runinfo:]www.dragon-god.com/Dragon/index.php[运行时间：0.007679s] [吞吐率：130.23req/s][内存消耗： 980.23kb][文件加载数：40]
[log:]array (
  0 => '175',
  1 => 15,
  2 => 1,
)[log:]array (
  0 => '165',
  1 => 17,
  2 => 0,
)
                                
+++++++++++++++++++++++++++++++++++++++++++++++++++++++++++++++++++++++++
[RecordTime2017-03-24T06:59:06+08:00:] Server:192.168.0.53 Remote:192.168.0.53 Method:GET URI:/Dragon/index.php 
[Runinfo:]www.dragon-god.com/Dragon/index.php[运行时间：0.008142s] [吞吐率：122.82req/s][内存消耗： 980.23kb][文件加载数：40]
[log:]array (
  0 => '175',
  1 => 15,
  2 => 1,
)[log:]array (
  0 => '165',
  1 => 17,
  2 => 0,
)
                                
+++++++++++++++++++++++++++++++++++++++++++++++++++++++++++++++++++++++++
[RecordTime2017-03-24T06:59:06+08:00:] Server:192.168.0.53 Remote:192.168.0.53 Method:GET URI:/Dragon/index.php 
[Runinfo:]www.dragon-god.com/Dragon/index.php[运行时间：0.007122s] [吞吐率：140.41req/s][内存消耗： 980.23kb][文件加载数：40]
[log:]array (
  0 => '175',
  1 => 15,
  2 => 1,
)[log:]array (
  0 => '165',
  1 => 17,
  2 => 0,
)
                                
+++++++++++++++++++++++++++++++++++++++++++++++++++++++++++++++++++++++++
[RecordTime2017-03-24T06:59:06+08:00:] Server:192.168.0.53 Remote:192.168.0.53 Method:GET URI:/Dragon/index.php 
[Runinfo:]www.dragon-god.com/Dragon/index.php[运行时间：0.006942s] [吞吐率：144.05req/s][内存消耗： 980.23kb][文件加载数：40]
[log:]array (
  0 => '175',
  1 => 15,
  2 => 1,
)[log:]array (
  0 => '165',
  1 => 17,
  2 => 0,
)
                                
+++++++++++++++++++++++++++++++++++++++++++++++++++++++++++++++++++++++++
[RecordTime2017-03-24T06:59:50+08:00:] Server:192.168.0.53 Remote:192.168.0.53 Method:GET URI:/Dragon/index.php 
[Runinfo:]www.dragon-god.com/Dragon/index.php[运行时间：0.007565s] [吞吐率：132.19req/s][内存消耗： 979.76kb][文件加载数：40]
[log:]array (
  0 => '175',
  1 => 15,
  2 => 1,
)[log:]array (
  0 => '165',
  1 => 17,
  2 => 0,
)
                                
+++++++++++++++++++++++++++++++++++++++++++++++++++++++++++++++++++++++++
[RecordTime2017-03-24T07:00:11+08:00:] Server:192.168.0.53 Remote:192.168.0.53 Method:GET URI:/Dragon/index.php 
[Runinfo:]www.dragon-god.com/Dragon/index.php[运行时间：0.007556s] [吞吐率：132.35req/s][内存消耗： 979.76kb][文件加载数：40]
[log:]array (
  0 => '175',
  1 => 15,
  2 => 1,
)[log:]array (
  0 => '165',
  1 => 17,
  2 => 0,
)
                                
+++++++++++++++++++++++++++++++++++++++++++++++++++++++++++++++++++++++++
[RecordTime2017-03-24T07:00:13+08:00:] Server:192.168.0.53 Remote:192.168.0.53 Method:GET URI:/Dragon/index.php 
[Runinfo:]www.dragon-god.com/Dragon/index.php[运行时间：0.008687s] [吞吐率：115.11req/s][内存消耗： 979.76kb][文件加载数：40]
[log:]array (
  0 => '175',
  1 => 15,
  2 => 1,
)[log:]array (
  0 => '165',
  1 => 17,
  2 => 0,
)
                                
+++++++++++++++++++++++++++++++++++++++++++++++++++++++++++++++++++++++++
[RecordTime2017-03-24T07:00:35+08:00:] Server:192.168.0.53 Remote:192.168.0.53 Method:GET URI:/Dragon/index.php 
[Runinfo:]www.dragon-god.com/Dragon/index.php[运行时间：0.007586s] [吞吐率：131.82req/s][内存消耗： 979.76kb][文件加载数：40]
[log:]array (
  0 => '175',
  1 => 15,
  2 => 1,
)[log:]array (
  0 => '165',
  1 => 17,
  2 => 0,
)
                                
+++++++++++++++++++++++++++++++++++++++++++++++++++++++++++++++++++++++++
[RecordTime2017-03-24T07:00:52+08:00:] Server:192.168.0.53 Remote:192.168.0.53 Method:GET URI:/Dragon/index.php 
[Runinfo:]www.dragon-god.com/Dragon/index.php[运行时间：0.007921s] [吞吐率：126.25req/s][内存消耗： 979.76kb][文件加载数：40]
[log:]array (
  0 => '175',
  1 => 15,
  2 => 1,
)[log:]array (
  0 => '165',
  1 => 17,
  2 => 0,
)
                                
+++++++++++++++++++++++++++++++++++++++++++++++++++++++++++++++++++++++++
[RecordTime2017-03-24T07:00:53+08:00:] Server:192.168.0.53 Remote:192.168.0.53 Method:GET URI:/Dragon/index.php 
[Runinfo:]www.dragon-god.com/Dragon/index.php[运行时间：0.007163s] [吞吐率：139.61req/s][内存消耗： 979.76kb][文件加载数：40]
[log:]array (
  0 => '175',
  1 => 15,
  2 => 1,
)[log:]array (
  0 => '165',
  1 => 17,
  2 => 0,
)
                                
+++++++++++++++++++++++++++++++++++++++++++++++++++++++++++++++++++++++++
[RecordTime2017-03-24T07:01:26+08:00:] Server:192.168.0.53 Remote:192.168.0.53 Method:GET URI:/Dragon/index.php 
[Runinfo:]www.dragon-god.com/Dragon/index.php[运行时间：0.007227s] [吞吐率：138.37req/s][内存消耗： 979.76kb][文件加载数：40]
[log:]array (
  0 => '175',
  1 => 15,
  2 => 1,
)[log:]array (
  0 => '165',
  1 => 17,
  2 => 0,
)
                                
+++++++++++++++++++++++++++++++++++++++++++++++++++++++++++++++++++++++++
[RecordTime2017-03-24T07:02:58+08:00:] Server:192.168.0.53 Remote:192.168.0.53 Method:GET URI:/Dragon/index.php 
[Runinfo:]www.dragon-god.com/Dragon/index.php[运行时间：0.007072s] [吞吐率：141.40req/s][内存消耗： 980.23kb][文件加载数：40]
[log:]array (
  0 => '175',
  1 => 15,
  2 => 1,
)[log:]array (
  0 => '165',
  1 => 17,
  2 => 0,
)
                                
+++++++++++++++++++++++++++++++++++++++++++++++++++++++++++++++++++++++++
[RecordTime2017-03-24T07:03:20+08:00:] Server:192.168.0.53 Remote:192.168.0.53 Method:GET URI:/Dragon/index.php 
[Runinfo:]www.dragon-god.com/Dragon/index.php[运行时间：0.007341s] [吞吐率：136.22req/s][内存消耗： 980.23kb][文件加载数：40]
[log:]array (
  0 => '175',
  1 => 15,
  2 => 1,
)[log:]array (
  0 => '165',
  1 => 17,
  2 => 0,
)
                                
+++++++++++++++++++++++++++++++++++++++++++++++++++++++++++++++++++++++++
[RecordTime2017-03-24T07:03:34+08:00:] Server:192.168.0.53 Remote:192.168.0.53 Method:GET URI:/Dragon/index.php 
[Runinfo:]www.dragon-god.com/Dragon/index.php[运行时间：0.009464s] [吞吐率：105.66req/s][内存消耗： 979.75kb][文件加载数：40]
[log:]array (
  0 => '175',
  1 => 15,
  2 => 1,
)[log:]array (
  0 => '165',
  1 => 17,
  2 => 0,
)
                                
+++++++++++++++++++++++++++++++++++++++++++++++++++++++++++++++++++++++++
[RecordTime2017-03-24T07:04:01+08:00:] Server:192.168.0.53 Remote:192.168.0.53 Method:GET URI:/Dragon/index.php 
[Runinfo:]www.dragon-god.com/Dragon/index.php[运行时间：0.008610s] [吞吐率：116.14req/s][内存消耗： 980.17kb][文件加载数：40]
[log:]array (
  0 => '175',
  1 => 15,
  2 => 1,
)[log:]array (
  0 => '165',
  1 => 17,
  2 => 0,
)
                                
+++++++++++++++++++++++++++++++++++++++++++++++++++++++++++++++++++++++++
[RecordTime2017-03-24T07:04:24+08:00:] Server:192.168.0.53 Remote:192.168.0.53 Method:GET URI:/Dragon/index.php 
[Runinfo:]www.dragon-god.com/Dragon/index.php[运行时间：0.007569s] [吞吐率：132.12req/s][内存消耗： 980.23kb][文件加载数：40]
[log:]array (
  0 => '175',
  1 => 15,
  2 => 1,
)[log:]array (
  0 => '165',
  1 => 17,
  2 => 0,
)
                                
+++++++++++++++++++++++++++++++++++++++++++++++++++++++++++++++++++++++++
[RecordTime2017-03-24T07:30:01+08:00:] Server:192.168.0.53 Remote:192.168.0.53 Method:GET URI:/Dragon/index.php 
[Runinfo:]www.dragon-god.com/Dragon/index.php[运行时间：0.008928s] [吞吐率：112.01req/s][内存消耗： 981.72kb][文件加载数：40]
[log:]array (
  0 => '175',
  1 => 15,
  2 => 1,
)[log:]array (
  0 => '165',
  1 => 17,
  2 => 0,
)
                                
+++++++++++++++++++++++++++++++++++++++++++++++++++++++++++++++++++++++++
[RecordTime2017-03-24T07:31:26+08:00:] Server:192.168.0.53 Remote:192.168.0.53 Method:GET URI:/Dragon/index.php 
[Runinfo:]www.dragon-god.com/Dragon/index.php[运行时间：0.008145s] [吞吐率：122.78req/s][内存消耗： 981.80kb][文件加载数：40]
[log:]array (
  0 => '175',
  1 => 15,
  2 => 1,
)[log:]array (
  0 => '165',
  1 => 17,
  2 => 0,
)
                                
+++++++++++++++++++++++++++++++++++++++++++++++++++++++++++++++++++++++++
[RecordTime2017-03-24T07:31:41+08:00:] Server:192.168.0.53 Remote:192.168.0.53 Method:GET URI:/Dragon/index.php 
[Runinfo:]www.dragon-god.com/Dragon/index.php[运行时间：0.007938s] [吞吐率：125.97req/s][内存消耗： 981.80kb][文件加载数：40]
[log:]array (
  0 => '175',
  1 => 15,
  2 => 1,
)[log:]array (
  0 => '165',
  1 => 17,
  2 => 0,
)
                                
+++++++++++++++++++++++++++++++++++++++++++++++++++++++++++++++++++++++++
[RecordTime2017-03-24T07:31:56+08:00:] Server:192.168.0.53 Remote:192.168.0.53 Method:GET URI:/Dragon/index.php 
[Runinfo:]www.dragon-god.com/Dragon/index.php[运行时间：0.010637s] [吞吐率：94.01req/s][内存消耗： 981.80kb][文件加载数：40]
[log:]array (
  0 => '175',
  1 => 15,
  2 => 1,
)[log:]array (
  0 => '165',
  1 => 17,
  2 => 0,
)
                                
+++++++++++++++++++++++++++++++++++++++++++++++++++++++++++++++++++++++++
[RecordTime2017-03-24T07:31:57+08:00:] Server:192.168.0.53 Remote:192.168.0.53 Method:GET URI:/Dragon/index.php 
[Runinfo:]www.dragon-god.com/Dragon/index.php[运行时间：0.007172s] [吞吐率：139.43req/s][内存消耗： 981.80kb][文件加载数：40]
[log:]array (
  0 => '175',
  1 => 15,
  2 => 1,
)[log:]array (
  0 => '165',
  1 => 17,
  2 => 0,
)
                                
+++++++++++++++++++++++++++++++++++++++++++++++++++++++++++++++++++++++++
[RecordTime2017-03-24T07:31:57+08:00:] Server:192.168.0.53 Remote:192.168.0.53 Method:GET URI:/Dragon/index.php 
[Runinfo:]www.dragon-god.com/Dragon/index.php[运行时间：0.007180s] [吞吐率：139.28req/s][内存消耗： 981.80kb][文件加载数：40]
[log:]array (
  0 => '175',
  1 => 15,
  2 => 1,
)[log:]array (
  0 => '165',
  1 => 17,
  2 => 0,
)
                                
+++++++++++++++++++++++++++++++++++++++++++++++++++++++++++++++++++++++++
[RecordTime2017-03-24T07:31:57+08:00:] Server:192.168.0.53 Remote:192.168.0.53 Method:GET URI:/Dragon/index.php 
[Runinfo:]www.dragon-god.com/Dragon/index.php[运行时间：0.007318s] [吞吐率：136.65req/s][内存消耗： 981.80kb][文件加载数：40]
[log:]array (
  0 => '175',
  1 => 15,
  2 => 1,
)[log:]array (
  0 => '165',
  1 => 17,
  2 => 0,
)
                                
+++++++++++++++++++++++++++++++++++++++++++++++++++++++++++++++++++++++++
[RecordTime2017-03-24T07:31:58+08:00:] Server:192.168.0.53 Remote:192.168.0.53 Method:GET URI:/Dragon/index.php 
[Runinfo:]www.dragon-god.com/Dragon/index.php[运行时间：0.007636s] [吞吐率：130.96req/s][内存消耗： 981.80kb][文件加载数：40]
[log:]array (
  0 => '175',
  1 => 15,
  2 => 1,
)[log:]array (
  0 => '165',
  1 => 17,
  2 => 0,
)
                                
+++++++++++++++++++++++++++++++++++++++++++++++++++++++++++++++++++++++++
[RecordTime2017-03-24T07:32:04+08:00:] Server:192.168.0.53 Remote:192.168.0.53 Method:GET URI:/Dragon/index.php 
[Runinfo:]www.dragon-god.com/Dragon/index.php[运行时间：0.008690s] [吞吐率：115.07req/s][内存消耗： 981.80kb][文件加载数：40]
[log:]array (
  0 => '175',
  1 => 15,
  2 => 1,
)[log:]array (
  0 => '165',
  1 => 17,
  2 => 0,
)
                                
+++++++++++++++++++++++++++++++++++++++++++++++++++++++++++++++++++++++++
[RecordTime2017-03-24T07:32:18+08:00:] Server:192.168.0.53 Remote:192.168.0.53 Method:GET URI:/Dragon/index.php 
[Runinfo:]www.dragon-god.com/Dragon/index.php[运行时间：0.009178s] [吞吐率：108.96req/s][内存消耗： 982.06kb][文件加载数：40]
[log:]array (
  0 => '175',
  1 => 15,
  2 => 1,
)[log:]array (
  0 => '165',
  1 => 17,
  2 => 0,
)
                                
+++++++++++++++++++++++++++++++++++++++++++++++++++++++++++++++++++++++++
[RecordTime2017-03-24T07:32:23+08:00:] Server:192.168.0.53 Remote:192.168.0.53 Method:GET URI:/Dragon/index.php 
[Runinfo:]www.dragon-god.com/Dragon/index.php[运行时间：0.007425s] [吞吐率：134.68req/s][内存消耗： 981.41kb][文件加载数：40]
[log:]array (
  0 => '175',
  1 => 15,
  2 => 1,
)[log:]array (
  0 => '165',
  1 => 17,
  2 => 0,
)
                                
+++++++++++++++++++++++++++++++++++++++++++++++++++++++++++++++++++++++++
[RecordTime2017-03-24T07:34:13+08:00:] Server:192.168.0.53 Remote:192.168.0.53 Method:GET URI:/Dragon/index.php 
[Runinfo:]www.dragon-god.com/Dragon/index.php[运行时间：0.007329s] [吞吐率：136.44req/s][内存消耗： 982.11kb][文件加载数：40]
[log:]array (
  0 => '175',
  1 => 15,
  2 => 1,
)[log:]array (
  0 => '165',
  1 => 17,
  2 => 0,
)
                                
+++++++++++++++++++++++++++++++++++++++++++++++++++++++++++++++++++++++++
[RecordTime2017-03-24T07:34:42+08:00:] Server:192.168.0.53 Remote:192.168.0.53 Method:GET URI:/Dragon/index.php 
[Runinfo:]www.dragon-god.com/Dragon/index.php[运行时间：0.007226s] [吞吐率：138.39req/s][内存消耗： 982.11kb][文件加载数：40]
[log:]array (
  0 => '175',
  1 => 15,
  2 => 1,
)[log:]array (
  0 => '165',
  1 => 17,
  2 => 0,
)
                                
+++++++++++++++++++++++++++++++++++++++++++++++++++++++++++++++++++++++++
[RecordTime2017-03-24T07:35:13+08:00:] Server:192.168.0.53 Remote:192.168.0.53 Method:GET URI:/Dragon/index.php 
[Runinfo:]www.dragon-god.com/Dragon/index.php[运行时间：0.007649s] [吞吐率：130.73req/s][内存消耗： 982.80kb][文件加载数：40]
[log:]array (
  0 => '175',
  1 => 15,
  2 => 1,
)[log:]array (
  0 => '165',
  1 => 17,
  2 => 0,
)
                                
+++++++++++++++++++++++++++++++++++++++++++++++++++++++++++++++++++++++++
[RecordTime2017-03-24T07:35:13+08:00:] Server:192.168.0.53 Remote:192.168.0.53 Method:GET URI:/Dragon/index.php 
[Runinfo:]www.dragon-god.com/Dragon/index.php[运行时间：0.008071s] [吞吐率：123.90req/s][内存消耗： 982.80kb][文件加载数：40]
[log:]array (
  0 => '175',
  1 => 15,
  2 => 1,
)[log:]array (
  0 => '165',
  1 => 17,
  2 => 0,
)
                                
+++++++++++++++++++++++++++++++++++++++++++++++++++++++++++++++++++++++++
[RecordTime2017-03-24T07:35:14+08:00:] Server:192.168.0.53 Remote:192.168.0.53 Method:GET URI:/Dragon/index.php 
[Runinfo:]www.dragon-god.com/Dragon/index.php[运行时间：0.009221s] [吞吐率：108.45req/s][内存消耗： 982.80kb][文件加载数：40]
[log:]array (
  0 => '175',
  1 => 15,
  2 => 1,
)[log:]array (
  0 => '165',
  1 => 17,
  2 => 0,
)
                                
+++++++++++++++++++++++++++++++++++++++++++++++++++++++++++++++++++++++++
[RecordTime2017-03-24T07:35:15+08:00:] Server:192.168.0.53 Remote:192.168.0.53 Method:GET URI:/Dragon/index.php 
[Runinfo:]www.dragon-god.com/Dragon/index.php[运行时间：0.008467s] [吞吐率：118.11req/s][内存消耗： 982.80kb][文件加载数：40]
[log:]array (
  0 => '175',
  1 => 15,
  2 => 1,
)[log:]array (
  0 => '165',
  1 => 17,
  2 => 0,
)
                                
+++++++++++++++++++++++++++++++++++++++++++++++++++++++++++++++++++++++++
[RecordTime2017-03-24T07:35:15+08:00:] Server:192.168.0.53 Remote:192.168.0.53 Method:GET URI:/Dragon/index.php 
[Runinfo:]www.dragon-god.com/Dragon/index.php[运行时间：0.007376s] [吞吐率：135.58req/s][内存消耗： 982.80kb][文件加载数：40]
[log:]array (
  0 => '175',
  1 => 15,
  2 => 1,
)[log:]array (
  0 => '165',
  1 => 17,
  2 => 0,
)
                                
+++++++++++++++++++++++++++++++++++++++++++++++++++++++++++++++++++++++++
[RecordTime2017-03-24T07:35:15+08:00:] Server:192.168.0.53 Remote:192.168.0.53 Method:GET URI:/Dragon/index.php 
[Runinfo:]www.dragon-god.com/Dragon/index.php[运行时间：0.007545s] [吞吐率：132.54req/s][内存消耗： 982.80kb][文件加载数：40]
[log:]array (
  0 => '175',
  1 => 15,
  2 => 1,
)[log:]array (
  0 => '165',
  1 => 17,
  2 => 0,
)
                                
+++++++++++++++++++++++++++++++++++++++++++++++++++++++++++++++++++++++++
[RecordTime2017-03-24T07:41:30+08:00:] Server:192.168.0.53 Remote:192.168.0.53 Method:GET URI:/Dragon/index.php 
[Runinfo:]www.dragon-god.com/Dragon/index.php[运行时间：0.008490s] [吞吐率：117.78req/s][内存消耗： 983.48kb][文件加载数：40]
[log:]array (
  0 => '175',
  1 => 15,
  2 => 1,
)[log:]array (
  0 => '165',
  1 => 17,
  2 => 0,
)
                                
+++++++++++++++++++++++++++++++++++++++++++++++++++++++++++++++++++++++++
[RecordTime2017-03-24T07:43:40+08:00:] Server:192.168.0.53 Remote:192.168.0.53 Method:GET URI:/Dragon/index.php 
[Runinfo:]www.dragon-god.com/Dragon/index.php[运行时间：0.008140s] [吞吐率：122.85req/s][内存消耗： 983.44kb][文件加载数：40]
[log:]array (
  0 => '175',
  1 => 15,
  2 => 1,
)[log:]array (
  0 => '165',
  1 => 17,
  2 => 0,
)
                                
+++++++++++++++++++++++++++++++++++++++++++++++++++++++++++++++++++++++++
[RecordTime2017-03-24T07:45:25+08:00:] Server:192.168.0.53 Remote:192.168.0.53 Method:GET URI:/Dragon/index.php 
[Runinfo:]www.dragon-god.com/Dragon/index.php[运行时间：0.007908s] [吞吐率：126.46req/s][内存消耗： 983.48kb][文件加载数：40]
[log:]array (
  0 => '175',
  1 => 15,
  2 => 1,
)[log:]array (
  0 => '165',
  1 => 17,
  2 => 0,
)
                                
+++++++++++++++++++++++++++++++++++++++++++++++++++++++++++++++++++++++++
[RecordTime2017-03-24T07:45:26+08:00:] Server:192.168.0.53 Remote:192.168.0.53 Method:GET URI:/Dragon/index.php 
[Runinfo:]www.dragon-god.com/Dragon/index.php[运行时间：0.007246s] [吞吐率：138.01req/s][内存消耗： 983.48kb][文件加载数：40]
[log:]array (
  0 => '175',
  1 => 15,
  2 => 1,
)[log:]array (
  0 => '165',
  1 => 17,
  2 => 0,
)
                                
+++++++++++++++++++++++++++++++++++++++++++++++++++++++++++++++++++++++++
[RecordTime2017-03-24T08:02:44+08:00:] Server:192.168.0.53 Remote:192.168.0.53 Method:GET URI:/Dragon/index.php 
[Runinfo:]www.dragon-god.com/Dragon/index.php[运行时间：0.009423s] [吞吐率：106.12req/s][内存消耗： 982.49kb][文件加载数：40]
[log:]array (
  0 => '175',
  1 => 15,
  2 => 1,
)[log:]array (
  0 => '165',
  1 => 17,
  2 => 0,
)
                                
+++++++++++++++++++++++++++++++++++++++++++++++++++++++++++++++++++++++++
[RecordTime2017-03-24T08:03:40+08:00:] Server:192.168.0.53 Remote:192.168.0.53 Method:GET URI:/Dragon/index.php 
[Runinfo:]www.dragon-god.com/Dragon/index.php[运行时间：0.009021s] [吞吐率：110.85req/s][内存消耗： 982.53kb][文件加载数：40]
[log:]array (
  0 => '175',
  1 => 15,
  2 => 1,
)[log:]array (
  0 => '165',
  1 => 17,
  2 => 0,
)
                                
+++++++++++++++++++++++++++++++++++++++++++++++++++++++++++++++++++++++++
[RecordTime2017-03-24T08:04:03+08:00:] Server:192.168.0.53 Remote:192.168.0.53 Method:GET URI:/Dragon/index.php 
[Runinfo:]www.dragon-god.com/Dragon/index.php[运行时间：0.008346s] [吞吐率：119.82req/s][内存消耗： 982.53kb][文件加载数：40]
[log:]array (
  0 => '175',
  1 => 15,
  2 => 1,
)[log:]array (
  0 => '165',
  1 => 17,
  2 => 0,
)
                                
+++++++++++++++++++++++++++++++++++++++++++++++++++++++++++++++++++++++++
[RecordTime2017-03-24T08:04:42+08:00:] Server:192.168.0.53 Remote:192.168.0.53 Method:GET URI:/Dragon/index.php 
[Runinfo:]www.dragon-god.com/Dragon/index.php[运行时间：0.007149s] [吞吐率：139.88req/s][内存消耗： 982.49kb][文件加载数：40]
[log:]array (
  0 => '175',
  1 => 15,
  2 => 1,
)[log:]array (
  0 => '165',
  1 => 17,
  2 => 0,
)
                                
+++++++++++++++++++++++++++++++++++++++++++++++++++++++++++++++++++++++++
[RecordTime2017-03-24T08:27:31+08:00:] Server:192.168.0.53 Remote:192.168.0.53 Method:GET URI:/Dragon/index.php 
[Runinfo:]www.dragon-god.com/Dragon/index.php[运行时间：0.008197s] [吞吐率：121.99req/s][内存消耗： 983.32kb][文件加载数：40]
[log:]array (
  0 => '175',
  1 => 15,
  2 => 1,
)[log:]array (
  0 => '165',
  1 => 17,
  2 => 0,
)
                                
+++++++++++++++++++++++++++++++++++++++++++++++++++++++++++++++++++++++++
[RecordTime2017-03-24T08:30:31+08:00:] Server:192.168.0.53 Remote:192.168.0.53 Method:GET URI:/Dragon/index.php 
[Runinfo:]www.dragon-god.com/Dragon/index.php[运行时间：0.007469s] [吞吐率：133.88req/s][内存消耗： 983.32kb][文件加载数：40]
[log:]array (
  0 => '175',
  1 => 15,
  2 => 1,
)[log:]array (
  0 => '165',
  1 => 17,
  2 => 0,
)
                                
+++++++++++++++++++++++++++++++++++++++++++++++++++++++++++++++++++++++++
[RecordTime2017-03-24T08:31:21+08:00:] Server:192.168.0.53 Remote:192.168.0.53 Method:GET URI:/Dragon/index.php 
[Runinfo:]www.dragon-god.com/Dragon/index.php[运行时间：0.007486s] [吞吐率：133.58req/s][内存消耗： 983.29kb][文件加载数：40]
[log:]array (
  0 => '175',
  1 => 15,
  2 => 1,
)[log:]array (
  0 => '165',
  1 => 17,
  2 => 0,
)
                                
+++++++++++++++++++++++++++++++++++++++++++++++++++++++++++++++++++++++++
[RecordTime2017-03-24T08:33:14+08:00:] Server:192.168.0.53 Remote:192.168.0.53 Method:GET URI:/Dragon/index.php 
[Runinfo:]www.dragon-god.com/Dragon/index.php[运行时间：0.007863s] [吞吐率：127.18req/s][内存消耗： 983.32kb][文件加载数：40]
[log:]array (
  0 => '175',
  1 => 15,
  2 => 1,
)[log:]array (
  0 => '165',
  1 => 17,
  2 => 0,
)
                                
+++++++++++++++++++++++++++++++++++++++++++++++++++++++++++++++++++++++++
[RecordTime2017-03-24T08:33:14+08:00:] Server:192.168.0.53 Remote:192.168.0.53 Method:GET URI:/Dragon/index.php 
[Runinfo:]www.dragon-god.com/Dragon/index.php[运行时间：0.007293s] [吞吐率：137.12req/s][内存消耗： 983.32kb][文件加载数：40]
[log:]array (
  0 => '175',
  1 => 15,
  2 => 1,
)[log:]array (
  0 => '165',
  1 => 17,
  2 => 0,
)
                                
+++++++++++++++++++++++++++++++++++++++++++++++++++++++++++++++++++++++++
[RecordTime2017-03-24T08:33:15+08:00:] Server:192.168.0.53 Remote:192.168.0.53 Method:GET URI:/Dragon/index.php 
[Runinfo:]www.dragon-god.com/Dragon/index.php[运行时间：0.006875s] [吞吐率：145.45req/s][内存消耗： 983.32kb][文件加载数：40]
[log:]array (
  0 => '175',
  1 => 15,
  2 => 1,
)[log:]array (
  0 => '165',
  1 => 17,
  2 => 0,
)
                                
+++++++++++++++++++++++++++++++++++++++++++++++++++++++++++++++++++++++++
[RecordTime2017-03-24T08:33:15+08:00:] Server:192.168.0.53 Remote:192.168.0.53 Method:GET URI:/Dragon/index.php 
[Runinfo:]www.dragon-god.com/Dragon/index.php[运行时间：0.007892s] [吞吐率：126.71req/s][内存消耗： 983.32kb][文件加载数：40]
[log:]array (
  0 => '175',
  1 => 15,
  2 => 1,
)[log:]array (
  0 => '165',
  1 => 17,
  2 => 0,
)
                                
+++++++++++++++++++++++++++++++++++++++++++++++++++++++++++++++++++++++++
[RecordTime2017-03-24T08:33:15+08:00:] Server:192.168.0.53 Remote:192.168.0.53 Method:GET URI:/Dragon/index.php 
[Runinfo:]www.dragon-god.com/Dragon/index.php[运行时间：0.008618s] [吞吐率：116.04req/s][内存消耗： 983.32kb][文件加载数：40]
[log:]array (
  0 => '175',
  1 => 15,
  2 => 1,
)[log:]array (
  0 => '165',
  1 => 17,
  2 => 0,
)
                                
+++++++++++++++++++++++++++++++++++++++++++++++++++++++++++++++++++++++++
[RecordTime2017-03-24T08:33:15+08:00:] Server:192.168.0.53 Remote:192.168.0.53 Method:GET URI:/Dragon/index.php 
[Runinfo:]www.dragon-god.com/Dragon/index.php[运行时间：0.007801s] [吞吐率：128.19req/s][内存消耗： 983.32kb][文件加载数：40]
[log:]array (
  0 => '175',
  1 => 15,
  2 => 1,
)[log:]array (
  0 => '165',
  1 => 17,
  2 => 0,
)
                                
+++++++++++++++++++++++++++++++++++++++++++++++++++++++++++++++++++++++++
[RecordTime2017-03-24T08:33:16+08:00:] Server:192.168.0.53 Remote:192.168.0.53 Method:GET URI:/Dragon/index.php 
[Runinfo:]www.dragon-god.com/Dragon/index.php[运行时间：0.007308s] [吞吐率：136.84req/s][内存消耗： 983.32kb][文件加载数：40]
[log:]array (
  0 => '175',
  1 => 15,
  2 => 1,
)[log:]array (
  0 => '165',
  1 => 17,
  2 => 0,
)
                                
+++++++++++++++++++++++++++++++++++++++++++++++++++++++++++++++++++++++++
[RecordTime2017-03-24T08:33:16+08:00:] Server:192.168.0.53 Remote:192.168.0.53 Method:GET URI:/Dragon/index.php 
[Runinfo:]www.dragon-god.com/Dragon/index.php[运行时间：0.008509s] [吞吐率：117.52req/s][内存消耗： 983.32kb][文件加载数：40]
[log:]array (
  0 => '175',
  1 => 15,
  2 => 1,
)[log:]array (
  0 => '165',
  1 => 17,
  2 => 0,
)
                                
+++++++++++++++++++++++++++++++++++++++++++++++++++++++++++++++++++++++++
[RecordTime2017-03-24T08:33:16+08:00:] Server:192.168.0.53 Remote:192.168.0.53 Method:GET URI:/Dragon/index.php 
[Runinfo:]www.dragon-god.com/Dragon/index.php[运行时间：0.007470s] [吞吐率：133.87req/s][内存消耗： 983.32kb][文件加载数：40]
[log:]array (
  0 => '175',
  1 => 15,
  2 => 1,
)[log:]array (
  0 => '165',
  1 => 17,
  2 => 0,
)
                                
+++++++++++++++++++++++++++++++++++++++++++++++++++++++++++++++++++++++++
[RecordTime2017-03-24T08:33:17+08:00:] Server:192.168.0.53 Remote:192.168.0.53 Method:GET URI:/Dragon/index.php 
[Runinfo:]www.dragon-god.com/Dragon/index.php[运行时间：0.008486s] [吞吐率：117.84req/s][内存消耗： 983.32kb][文件加载数：40]
[log:]array (
  0 => '175',
  1 => 15,
  2 => 1,
)[log:]array (
  0 => '165',
  1 => 17,
  2 => 0,
)
                                
+++++++++++++++++++++++++++++++++++++++++++++++++++++++++++++++++++++++++
[RecordTime2017-03-24T08:33:17+08:00:] Server:192.168.0.53 Remote:192.168.0.53 Method:GET URI:/Dragon/index.php 
[Runinfo:]www.dragon-god.com/Dragon/index.php[运行时间：0.008147s] [吞吐率：122.74req/s][内存消耗： 983.32kb][文件加载数：40]
[log:]array (
  0 => '175',
  1 => 15,
  2 => 1,
)[log:]array (
  0 => '165',
  1 => 17,
  2 => 0,
)
                                
+++++++++++++++++++++++++++++++++++++++++++++++++++++++++++++++++++++++++
[RecordTime2017-03-24T08:33:17+08:00:] Server:192.168.0.53 Remote:192.168.0.53 Method:GET URI:/Dragon/index.php 
[Runinfo:]www.dragon-god.com/Dragon/index.php[运行时间：0.007608s] [吞吐率：131.44req/s][内存消耗： 983.32kb][文件加载数：40]
[log:]array (
  0 => '175',
  1 => 15,
  2 => 1,
)[log:]array (
  0 => '165',
  1 => 17,
  2 => 0,
)
                                
+++++++++++++++++++++++++++++++++++++++++++++++++++++++++++++++++++++++++
[RecordTime2017-03-24T08:33:17+08:00:] Server:192.168.0.53 Remote:192.168.0.53 Method:GET URI:/Dragon/index.php 
[Runinfo:]www.dragon-god.com/Dragon/index.php[运行时间：0.007084s] [吞吐率：141.17req/s][内存消耗： 983.32kb][文件加载数：40]
[log:]array (
  0 => '175',
  1 => 15,
  2 => 1,
)[log:]array (
  0 => '165',
  1 => 17,
  2 => 0,
)
                                
+++++++++++++++++++++++++++++++++++++++++++++++++++++++++++++++++++++++++
[RecordTime2017-03-24T08:33:17+08:00:] Server:192.168.0.53 Remote:192.168.0.53 Method:GET URI:/Dragon/index.php 
[Runinfo:]www.dragon-god.com/Dragon/index.php[运行时间：0.008869s] [吞吐率：112.75req/s][内存消耗： 983.32kb][文件加载数：40]
[log:]array (
  0 => '175',
  1 => 15,
  2 => 1,
)[log:]array (
  0 => '165',
  1 => 17,
  2 => 0,
)
                                
+++++++++++++++++++++++++++++++++++++++++++++++++++++++++++++++++++++++++
[RecordTime2017-03-24T08:33:18+08:00:] Server:192.168.0.53 Remote:192.168.0.53 Method:GET URI:/Dragon/index.php 
[Runinfo:]www.dragon-god.com/Dragon/index.php[运行时间：0.007527s] [吞吐率：132.86req/s][内存消耗： 983.32kb][文件加载数：40]
[log:]array (
  0 => '175',
  1 => 15,
  2 => 1,
)[log:]array (
  0 => '165',
  1 => 17,
  2 => 0,
)
                                
+++++++++++++++++++++++++++++++++++++++++++++++++++++++++++++++++++++++++
[RecordTime2017-03-24T08:33:18+08:00:] Server:192.168.0.53 Remote:192.168.0.53 Method:GET URI:/Dragon/index.php 
[Runinfo:]www.dragon-god.com/Dragon/index.php[运行时间：0.007153s] [吞吐率：139.80req/s][内存消耗： 983.32kb][文件加载数：40]
[log:]array (
  0 => '175',
  1 => 15,
  2 => 1,
)[log:]array (
  0 => '165',
  1 => 17,
  2 => 0,
)
                                
+++++++++++++++++++++++++++++++++++++++++++++++++++++++++++++++++++++++++
[RecordTime2017-03-24T08:33:18+08:00:] Server:192.168.0.53 Remote:192.168.0.53 Method:GET URI:/Dragon/index.php 
[Runinfo:]www.dragon-god.com/Dragon/index.php[运行时间：0.008504s] [吞吐率：117.59req/s][内存消耗： 983.32kb][文件加载数：40]
[log:]array (
  0 => '175',
  1 => 15,
  2 => 1,
)[log:]array (
  0 => '165',
  1 => 17,
  2 => 0,
)
                                
+++++++++++++++++++++++++++++++++++++++++++++++++++++++++++++++++++++++++
[RecordTime2017-03-24T08:33:18+08:00:] Server:192.168.0.53 Remote:192.168.0.53 Method:GET URI:/Dragon/index.php 
[Runinfo:]www.dragon-god.com/Dragon/index.php[运行时间：0.009291s] [吞吐率：107.63req/s][内存消耗： 983.32kb][文件加载数：40]
[log:]array (
  0 => '175',
  1 => 15,
  2 => 1,
)[log:]array (
  0 => '165',
  1 => 17,
  2 => 0,
)
                                
+++++++++++++++++++++++++++++++++++++++++++++++++++++++++++++++++++++++++
[RecordTime2017-03-24T08:34:52+08:00:] Server:192.168.0.53 Remote:192.168.0.53 Method:GET URI:/Dragon/index.php 
[Runinfo:]www.dragon-god.com/Dragon/index.php[运行时间：0.007054s] [吞吐率：141.77req/s][内存消耗： 983.32kb][文件加载数：40]
[log:]array (
  0 => '175',
  1 => 15,
  2 => 1,
)[log:]array (
  0 => '165',
  1 => 17,
  2 => 0,
)
                                
+++++++++++++++++++++++++++++++++++++++++++++++++++++++++++++++++++++++++
[RecordTime2017-03-24T08:34:53+08:00:] Server:192.168.0.53 Remote:192.168.0.53 Method:GET URI:/Dragon/index.php 
[Runinfo:]www.dragon-god.com/Dragon/index.php[运行时间：0.008507s] [吞吐率：117.55req/s][内存消耗： 983.32kb][文件加载数：40]
[log:]array (
  0 => '175',
  1 => 15,
  2 => 1,
)[log:]array (
  0 => '165',
  1 => 17,
  2 => 0,
)
                                
+++++++++++++++++++++++++++++++++++++++++++++++++++++++++++++++++++++++++
[RecordTime2017-03-24T08:34:53+08:00:] Server:192.168.0.53 Remote:192.168.0.53 Method:GET URI:/Dragon/index.php 
[Runinfo:]www.dragon-god.com/Dragon/index.php[运行时间：0.007379s] [吞吐率：135.52req/s][内存消耗： 983.32kb][文件加载数：40]
[log:]array (
  0 => '175',
  1 => 15,
  2 => 1,
)[log:]array (
  0 => '165',
  1 => 17,
  2 => 0,
)
                                
+++++++++++++++++++++++++++++++++++++++++++++++++++++++++++++++++++++++++
[RecordTime2017-03-24T08:34:53+08:00:] Server:192.168.0.53 Remote:192.168.0.53 Method:GET URI:/Dragon/index.php 
[Runinfo:]www.dragon-god.com/Dragon/index.php[运行时间：0.007016s] [吞吐率：142.53req/s][内存消耗： 983.32kb][文件加载数：40]
[log:]array (
  0 => '175',
  1 => 15,
  2 => 1,
)[log:]array (
  0 => '165',
  1 => 17,
  2 => 0,
)
                                
+++++++++++++++++++++++++++++++++++++++++++++++++++++++++++++++++++++++++
[RecordTime2017-03-24T08:34:53+08:00:] Server:192.168.0.53 Remote:192.168.0.53 Method:GET URI:/Dragon/index.php 
[Runinfo:]www.dragon-god.com/Dragon/index.php[运行时间：0.007784s] [吞吐率：128.47req/s][内存消耗： 983.32kb][文件加载数：40]
[log:]array (
  0 => '175',
  1 => 15,
  2 => 1,
)[log:]array (
  0 => '165',
  1 => 17,
  2 => 0,
)
                                
+++++++++++++++++++++++++++++++++++++++++++++++++++++++++++++++++++++++++
[RecordTime2017-03-24T08:34:54+08:00:] Server:192.168.0.53 Remote:192.168.0.53 Method:GET URI:/Dragon/index.php 
[Runinfo:]www.dragon-god.com/Dragon/index.php[运行时间：0.007096s] [吞吐率：140.93req/s][内存消耗： 983.32kb][文件加载数：40]
[log:]array (
  0 => '175',
  1 => 15,
  2 => 1,
)[log:]array (
  0 => '165',
  1 => 17,
  2 => 0,
)
                                
+++++++++++++++++++++++++++++++++++++++++++++++++++++++++++++++++++++++++
[RecordTime2017-03-24T08:34:54+08:00:] Server:192.168.0.53 Remote:192.168.0.53 Method:GET URI:/Dragon/index.php 
[Runinfo:]www.dragon-god.com/Dragon/index.php[运行时间：0.007980s] [吞吐率：125.31req/s][内存消耗： 983.32kb][文件加载数：40]
[log:]array (
  0 => '175',
  1 => 15,
  2 => 1,
)[log:]array (
  0 => '165',
  1 => 17,
  2 => 0,
)
                                
+++++++++++++++++++++++++++++++++++++++++++++++++++++++++++++++++++++++++
[RecordTime2017-03-24T08:35:01+08:00:] Server:192.168.0.53 Remote:192.168.0.53 Method:GET URI:/Dragon/index.php 
[Runinfo:]www.dragon-god.com/Dragon/index.php[运行时间：0.008708s] [吞吐率：114.84req/s][内存消耗： 983.11kb][文件加载数：40]
[log:]array (
  0 => '175',
  1 => 15,
  2 => 1,
)[log:]array (
  0 => '165',
  1 => 17,
  2 => 0,
)
                                
+++++++++++++++++++++++++++++++++++++++++++++++++++++++++++++++++++++++++
[RecordTime2017-03-24T08:35:01+08:00:] Server:192.168.0.53 Remote:192.168.0.53 Method:GET URI:/Dragon/index.php 
[Runinfo:]www.dragon-god.com/Dragon/index.php[运行时间：0.008194s] [吞吐率：122.04req/s][内存消耗： 983.11kb][文件加载数：40]
[log:]array (
  0 => '175',
  1 => 15,
  2 => 1,
)[log:]array (
  0 => '165',
  1 => 17,
  2 => 0,
)
                                
+++++++++++++++++++++++++++++++++++++++++++++++++++++++++++++++++++++++++
[RecordTime2017-03-24T08:35:01+08:00:] Server:192.168.0.53 Remote:192.168.0.53 Method:GET URI:/Dragon/index.php 
[Runinfo:]www.dragon-god.com/Dragon/index.php[运行时间：0.008607s] [吞吐率：116.19req/s][内存消耗： 983.11kb][文件加载数：40]
[log:]array (
  0 => '175',
  1 => 15,
  2 => 1,
)[log:]array (
  0 => '165',
  1 => 17,
  2 => 0,
)
                                
+++++++++++++++++++++++++++++++++++++++++++++++++++++++++++++++++++++++++
[RecordTime2017-03-24T08:35:02+08:00:] Server:192.168.0.53 Remote:192.168.0.53 Method:GET URI:/Dragon/index.php 
[Runinfo:]www.dragon-god.com/Dragon/index.php[运行时间：0.007388s] [吞吐率：135.36req/s][内存消耗： 983.11kb][文件加载数：40]
[log:]array (
  0 => '175',
  1 => 15,
  2 => 1,
)[log:]array (
  0 => '165',
  1 => 17,
  2 => 0,
)
                                
+++++++++++++++++++++++++++++++++++++++++++++++++++++++++++++++++++++++++
[RecordTime2017-03-24T08:35:19+08:00:] Server:192.168.0.53 Remote:192.168.0.53 Method:GET URI:/Dragon/index.php 
[Runinfo:]www.dragon-god.com/Dragon/index.php[运行时间：0.007210s] [吞吐率：138.70req/s][内存消耗： 978.77kb][文件加载数：40]
[log:]array (
  0 => '175',
  1 => 15,
  2 => 1,
)[log:]array (
  0 => '165',
  1 => 17,
  2 => 0,
)
                                
+++++++++++++++++++++++++++++++++++++++++++++++++++++++++++++++++++++++++
[RecordTime2017-03-24T08:35:20+08:00:] Server:192.168.0.53 Remote:192.168.0.53 Method:GET URI:/Dragon/index.php 
[Runinfo:]www.dragon-god.com/Dragon/index.php[运行时间：0.007442s] [吞吐率：134.37req/s][内存消耗： 978.77kb][文件加载数：40]
[log:]array (
  0 => '175',
  1 => 15,
  2 => 1,
)[log:]array (
  0 => '165',
  1 => 17,
  2 => 0,
)
                                
+++++++++++++++++++++++++++++++++++++++++++++++++++++++++++++++++++++++++
[RecordTime2017-03-24T08:35:20+08:00:] Server:192.168.0.53 Remote:192.168.0.53 Method:GET URI:/Dragon/index.php 
[Runinfo:]www.dragon-god.com/Dragon/index.php[运行时间：0.008620s] [吞吐率：116.01req/s][内存消耗： 978.77kb][文件加载数：40]
[log:]array (
  0 => '175',
  1 => 15,
  2 => 1,
)[log:]array (
  0 => '165',
  1 => 17,
  2 => 0,
)
                                
+++++++++++++++++++++++++++++++++++++++++++++++++++++++++++++++++++++++++
[RecordTime2017-03-24T08:35:20+08:00:] Server:192.168.0.53 Remote:192.168.0.53 Method:GET URI:/Dragon/index.php 
[Runinfo:]www.dragon-god.com/Dragon/index.php[运行时间：0.007099s] [吞吐率：140.86req/s][内存消耗： 978.77kb][文件加载数：40]
[log:]array (
  0 => '175',
  1 => 15,
  2 => 1,
)[log:]array (
  0 => '165',
  1 => 17,
  2 => 0,
)
                                
+++++++++++++++++++++++++++++++++++++++++++++++++++++++++++++++++++++++++
[RecordTime2017-03-24T08:35:21+08:00:] Server:192.168.0.53 Remote:192.168.0.53 Method:GET URI:/Dragon/index.php 
[Runinfo:]www.dragon-god.com/Dragon/index.php[运行时间：0.007353s] [吞吐率：136.00req/s][内存消耗： 978.77kb][文件加载数：40]
[log:]array (
  0 => '175',
  1 => 15,
  2 => 1,
)[log:]array (
  0 => '165',
  1 => 17,
  2 => 0,
)
                                
+++++++++++++++++++++++++++++++++++++++++++++++++++++++++++++++++++++++++
[RecordTime2017-03-24T08:35:21+08:00:] Server:192.168.0.53 Remote:192.168.0.53 Method:GET URI:/Dragon/index.php 
[Runinfo:]www.dragon-god.com/Dragon/index.php[运行时间：0.007302s] [吞吐率：136.95req/s][内存消耗： 978.77kb][文件加载数：40]
[log:]array (
  0 => '175',
  1 => 15,
  2 => 1,
)[log:]array (
  0 => '165',
  1 => 17,
  2 => 0,
)
                                
+++++++++++++++++++++++++++++++++++++++++++++++++++++++++++++++++++++++++
[RecordTime2017-03-24T08:35:21+08:00:] Server:192.168.0.53 Remote:192.168.0.53 Method:GET URI:/Dragon/index.php 
[Runinfo:]www.dragon-god.com/Dragon/index.php[运行时间：0.007470s] [吞吐率：133.87req/s][内存消耗： 978.77kb][文件加载数：40]
[log:]array (
  0 => '175',
  1 => 15,
  2 => 1,
)[log:]array (
  0 => '165',
  1 => 17,
  2 => 0,
)
                                
+++++++++++++++++++++++++++++++++++++++++++++++++++++++++++++++++++++++++
